<?xml version="1.0" encoding="UTF-8"?>
<!-- Generated by org.testng.reporters.JUnitXMLReporter -->
<testsuite hostname="Nandhakumar" ignored="0" name="Default test" tests="5" failures="0" timestamp="01 Aug 2022 07:14:05 GMT" time="95.67" errors="0">
  <testcase name="searchProduct" time="18.613" classname="com.addingproductincart.amazon.AddProduct"/>
  <testcase name="selectProduct" time="3.28" classname="com.addingproductincart.amazon.AddProduct"/>
  <testcase name="addToCart" time="18.765" classname="com.addingproductincart.amazon.AddProduct"/>
  <testcase name="viewAddedProductinCart" time="34.227" classname="com.addingproductincart.amazon.AddProduct"/>
  <testcase name="verifytheProduct" time="0.018" classname="com.addingproductincart.amazon.AddProduct"/>
</testsuite> <!-- Default test -->
