<?xml version="1.0" encoding="UTF-8"?>
<testng-results skipped="0" failed="0" ignored="0" total="5" passed="5">
  <reporter-output>
    <line>
      <![CDATA[SetupDriver and InitilizeApplication was Successfully.]]>
    </line>
    <line>
      <![CDATA[Search user product Successfully.]]>
    </line>
    <line>
      <![CDATA[Chosen Product Successfully.]]>
    </line>
    <line>
      <![CDATA[Product successfully added in Cart.]]>
    </line>
    <line>
      <![CDATA[Successfully viewing product in cart.]]>
    </line>
    <line>
      <![CDATA[Searched and added Product are same.]]>
    </line>
    <line>
      <![CDATA[Browser Closed Done.]]>
    </line>
  </reporter-output>
  <suite name="Default suite" duration-ms="95670" started-at="2022-08-01T07:12:29Z" finished-at="2022-08-01T07:14:05Z">
    <groups>
    </groups>
    <test name="Default test" duration-ms="95670" started-at="2022-08-01T07:12:29Z" finished-at="2022-08-01T07:14:05Z">
      <class name="com.addingproductincart.amazon.AddProduct">
        <test-method status="PASS" signature="setup()[pri:0, instance:com.addingproductincart.amazon.AddProduct@490ab905]" name="setup" is-config="true" duration-ms="17948" started-at="2022-08-01T12:42:30Z" finished-at="2022-08-01T12:42:47Z">
          <reporter-output>
            <line>
              <![CDATA[SetupDriver and InitilizeApplication was Successfully.]]>
            </line>
          </reporter-output>
        </test-method> <!-- setup -->
        <test-method status="PASS" signature="searchProduct()[pri:0, instance:com.addingproductincart.amazon.AddProduct@490ab905]" name="searchProduct" duration-ms="18613" started-at="2022-08-01T12:42:48Z" finished-at="2022-08-01T12:43:06Z">
          <reporter-output>
            <line>
              <![CDATA[Search user product Successfully.]]>
            </line>
          </reporter-output>
        </test-method> <!-- searchProduct -->
        <test-method status="PASS" signature="selectProduct()[pri:0, instance:com.addingproductincart.amazon.AddProduct@490ab905]" name="selectProduct" duration-ms="3280" started-at="2022-08-01T12:43:06Z" depends-on-methods="com.addingproductincart.amazon.AddProduct.searchProduct" finished-at="2022-08-01T12:43:09Z">
          <reporter-output>
            <line>
              <![CDATA[Chosen Product Successfully.]]>
            </line>
          </reporter-output>
        </test-method> <!-- selectProduct -->
        <test-method status="PASS" signature="addToCart()[pri:0, instance:com.addingproductincart.amazon.AddProduct@490ab905]" name="addToCart" duration-ms="18765" started-at="2022-08-01T12:43:09Z" depends-on-methods="com.addingproductincart.amazon.AddProduct.selectProduct" finished-at="2022-08-01T12:43:28Z">
          <reporter-output>
            <line>
              <![CDATA[Product successfully added in Cart.]]>
            </line>
          </reporter-output>
        </test-method> <!-- addToCart -->
        <test-method status="PASS" signature="viewAddedProductinCart()[pri:0, instance:com.addingproductincart.amazon.AddProduct@490ab905]" name="viewAddedProductinCart" duration-ms="34227" started-at="2022-08-01T12:43:28Z" depends-on-methods="com.addingproductincart.amazon.AddProduct.addToCart" finished-at="2022-08-01T12:44:02Z">
          <reporter-output>
            <line>
              <![CDATA[Successfully viewing product in cart.]]>
            </line>
          </reporter-output>
        </test-method> <!-- viewAddedProductinCart -->
        <test-method status="PASS" signature="verifytheProduct()[pri:0, instance:com.addingproductincart.amazon.AddProduct@490ab905]" name="verifytheProduct" duration-ms="18" started-at="2022-08-01T12:44:03Z" depends-on-methods="com.addingproductincart.amazon.AddProduct.viewAddedProductinCart" finished-at="2022-08-01T12:44:03Z">
          <reporter-output>
            <line>
              <![CDATA[Searched and added Product are same.]]>
            </line>
          </reporter-output>
        </test-method> <!-- verifytheProduct -->
        <test-method status="PASS" signature="tearDown()[pri:0, instance:com.addingproductincart.amazon.AddProduct@490ab905]" name="tearDown" is-config="true" duration-ms="2612" started-at="2022-08-01T12:44:03Z" finished-at="2022-08-01T12:44:05Z">
          <reporter-output>
            <line>
              <![CDATA[Browser Closed Done.]]>
            </line>
          </reporter-output>
        </test-method> <!-- tearDown -->
      </class> <!-- com.addingproductincart.amazon.AddProduct -->
    </test> <!-- Default test -->
  </suite> <!-- Default suite -->
</testng-results>
